<?xml version="1.0" encoding="UTF-8"?>
<!-- Generated by org.testng.reporters.JUnitReportReporter -->
<testsuite hostname="DESKTOP-KVV1592" name="demo.TestA" tests="1" failures="0" timestamp="11 Feb 2019 04:31:53 GMT" time="3.978" errors="0">
  <testcase name="testGooglePageTitleInFirefox" time="3.978" classname="demo.TestA"/>
</testsuite> <!-- demo.TestA -->
